SF:lib/core/network/api/currency_api.g.dart
DA:12,1
DA:21,1
DA:24,1
DA:25,1
DA:27,1
DA:28,3
DA:33,1
DA:34,2
DA:39,1
DA:40,1
DA:41,3
DA:42,1
DA:44,2
DA:48,1
DA:49,1
DA:50,2
DA:51,2
DA:52,1
DA:53,0
DA:55,1
DA:61,1
DA:65,0
DA:69,0
DA:71,0
DA:72,0
DA:75,0
LF:26
LH:20
end_of_record
SF:lib/future/currency/data/local/data_sources/currency_data_local_source.dart
DA:14,1
DA:16,1
DA:18,2
DA:21,0
DA:24,0
DA:26,0
LF:6
LH:3
end_of_record
SF:lib/future/currency/data/remote/data_sources/currency_data_source.dart
DA:15,1
DA:17,1
DA:21,2
LF:3
LH:3
end_of_record
SF:lib/future/currency/data/remote/models/currency_model.dart
DA:1,2
DA:6,1
DA:10,0
DA:13,0
DA:14,0
DA:17,1
DA:18,1
DA:19,1
LF:8
LH:5
end_of_record
SF:lib/future/currency/data/repositories/currency_repository_impl.dart
DA:16,1
DA:18,1
DA:21,2
DA:23,0
DA:25,2
DA:26,0
DA:27,1
DA:28,2
DA:32,0
DA:35,0
DA:38,0
DA:39,0
DA:43,0
DA:46,0
DA:48,0
DA:51,0
DA:52,0
LF:17
LH:6
end_of_record
SF:lib/future/currency/domain/use_cases/get_currency_usecase.dart
DA:11,1
DA:13,1
DA:15,2
LF:3
LH:3
end_of_record
SF:lib/main.dart
DA:12,0
DA:13,0
DA:14,0
DA:15,0
DA:16,0
DA:19,0
DA:20,0
DA:22,0
DA:23,0
DA:26,1
DA:27,2
DA:32,1
DA:35,0
DA:37,0
DA:38,0
DA:39,0
LF:16
LH:3
end_of_record
SF:lib/core/api/dio_interceptor.dart
DA:6,0
DA:8,0
DA:10,0
DA:12,0
DA:14,0
DA:17,0
DA:18,0
DA:21,0
DA:23,0
DA:24,0
DA:27,0
LF:11
LH:0
end_of_record
SF:lib/core/network/dio_factory.dart
DA:8,0
DA:10,0
DA:12,0
DA:14,0
DA:15,0
DA:16,0
DA:17,0
DA:18,0
DA:19,0
DA:24,0
DA:25,0
DA:26,0
LF:12
LH:0
end_of_record
SF:lib/core/error/failures.dart
DA:6,3
DA:8,0
DA:10,0
DA:11,0
DA:12,0
DA:17,1
DA:21,1
DA:25,1
DA:29,0
DA:33,1
DA:37,0
DA:41,0
LF:12
LH:5
end_of_record
SF:lib/future/currency/domain/use_cases/save_currency_locally_usecase.dart
DA:11,0
DA:13,0
DA:15,0
LF:3
LH:0
end_of_record
SF:lib/future/currency/presentation/bloc/currency_bloc.dart
DA:9,0
DA:10,0
DA:11,0
DA:12,0
DA:13,0
DA:14,0
DA:15,0
DA:16,0
DA:20,0
DA:24,0
DA:25,0
DA:26,0
DA:27,0
DA:28,0
DA:29,0
DA:30,0
DA:33,0
DA:34,0
DA:39,0
DA:41,0
DA:43,0
DA:47,0
DA:48,0
DA:49,0
DA:50,0
DA:51,0
DA:52,0
DA:54,0
DA:56,0
DA:59,0
DA:60,0
LF:31
LH:0
end_of_record
SF:lib/future/currency/presentation/pages/currency_page.dart
DA:10,1
DA:12,0
DA:13,0
DA:20,0
DA:22,0
DA:23,0
DA:24,0
DA:25,0
DA:26,0
DA:30,0
DA:31,0
DA:33,0
DA:34,0
DA:35,0
DA:36,0
DA:38,0
DA:39,0
DA:40,0
DA:41,0
DA:42,0
DA:46,0
DA:51,0
DA:55,0
DA:56,0
DA:59,0
DA:60,0
DA:63,0
DA:64,0
DA:67,0
DA:68,0
DA:70,0
DA:77,0
DA:78,0
DA:79,0
DA:80,0
DA:83,0
DA:89,0
LF:37
LH:1
end_of_record
SF:lib/future/currency/presentation/widgets/dropdown_custom_widget.dart
DA:11,0
DA:16,0
DA:18,0
DA:20,0
DA:24,0
DA:26,0
DA:27,0
DA:28,0
DA:29,0
DA:31,0
DA:33,0
DA:34,0
DA:35,0
DA:36,0
DA:39,0
DA:44,0
DA:52,0
DA:58,0
DA:59,0
DA:60,0
DA:62,0
LF:21
LH:0
end_of_record
SF:lib/future/currency/data/local/models/currency_locally_model.g.dart
DA:13,0
DA:15,0
DA:16,0
DA:17,0
DA:19,0
DA:20,0
DA:24,0
DA:27,0
DA:28,0
DA:29,0
DA:32,0
DA:33,0
DA:35,0
DA:38,0
DA:39,0
DA:40,0
LF:16
LH:0
end_of_record
SF:lib/future/currency/data/local/models/currency_locally_model.dart
DA:10,0
DA:13,0
DA:14,0
LF:3
LH:0
end_of_record
SF:lib/service_locator.dart
DA:9,0
DA:11,0
DA:19,0
DA:23,0
DA:24,0
LF:5
LH:0
end_of_record
SF:lib/core/api/cache_helper.dart
DA:5,1
DA:7,3
DA:8,1
DA:9,2
DA:10,1
DA:13,0
DA:15,0
DA:16,0
DA:18,0
LF:9
LH:5
end_of_record
SF:lib/core/error/error_handler.dart
DA:5,1
DA:6,1
DA:7,1
DA:12,1
DA:13,1
DA:14,1
DA:16,1
DA:18,1
DA:20,1
DA:21,1
DA:23,1
DA:24,2
DA:25,1
DA:34,1
DA:36,1
DA:37,0
DA:38,1
DA:39,1
DA:40,0
DA:41,0
DA:42,0
DA:43,0
DA:44,0
DA:45,0
DA:47,0
LF:25
LH:17
end_of_record
